2025-05-15 05:43:25,292 - __main__ - INFO - Initializing database...
2025-05-15 05:43:25,293 - __main__ - INFO - Database initialized successfully
2025-05-15 05:43:25,295 - __main__ - INFO - Starting bot...
2025-05-15 05:43:25,295 - __main__ - INFO - All reminders in database:
2025-05-15 05:43:25,295 - __main__ - INFO - Sending missed reminders...
2025-05-15 05:43:25,296 - __main__ - INFO - Checking for missed reminders...
2025-05-15 05:43:25,297 - __main__ - INFO - Current time for query: 2025-05-15T01:43:25.296966+03:00
2025-05-15 05:43:25,297 - __main__ - INFO - SQL query executed, found 0 reminders
2025-05-15 05:43:25,297 - __main__ - INFO - No missed reminders found
2025-05-15 05:43:25,297 - __main__ - INFO - Starting reminder check loop...
2025-05-15 05:43:25,298 - __main__ - INFO - Starting bot polling...
2025-05-15 05:43:25,298 - aiogram.dispatcher - INFO - Start polling
2025-05-15 05:43:25,298 - __main__ - INFO - Checking for pending reminders...
2025-05-15 05:43:25,299 - __main__ - INFO - Current time for query: 2025-05-15T01:43:25.299279+03:00
2025-05-15 05:43:25,299 - __main__ - INFO - Found 0 pending reminders in database
2025-05-15 05:43:25,300 - __main__ - INFO - Found 0 pending reminders
2025-05-15 05:43:25,732 - aiogram.dispatcher - INFO - Run polling for bot @hahanotan_bot id=7696175433 - 'dsfsdf'
2025-05-15 05:43:28,165 - __main__ - INFO - Adding/updating user 6511010080 to database
2025-05-15 05:43:28,172 - __main__ - INFO - Successfully added/updated user 6511010080
2025-05-15 05:43:28,538 - aiogram.event - INFO - Update id=516593788 is handled. Duration 373 ms by bot id=7696175433
2025-05-15 05:43:31,981 - aiogram.event - INFO - Update id=516593789 is handled. Duration 133 ms by bot id=7696175433
2025-05-15 05:43:36,105 - __main__ - INFO - Adding/updating user 2039721100 to database
2025-05-15 05:43:36,109 - __main__ - INFO - Successfully added/updated user 2039721100
2025-05-15 05:43:36,237 - aiogram.event - INFO - Update id=516593790 is handled. Duration 132 ms by bot id=7696175433
2025-05-15 05:43:38,198 - aiogram.event - INFO - Update id=516593791 is handled. Duration 169 ms by bot id=7696175433
2025-05-15 05:43:38,916 - aiogram.event - INFO - Update id=516593792 is handled. Duration 142 ms by bot id=7696175433
2025-05-15 05:43:44,560 - aiogram.event - INFO - Update id=516593793 is handled. Duration 150 ms by bot id=7696175433
2025-05-15 05:43:50,909 - __main__ - INFO - Adding reminder for user 2039721100
2025-05-15 05:43:50,913 - __main__ - INFO - Reminder added successfully with ID 9
2025-05-15 05:43:51,040 - aiogram.event - INFO - Update id=516593794 is handled. Duration 134 ms by bot id=7696175433
2025-05-15 05:44:25,303 - __main__ - INFO - Checking for pending reminders...
2025-05-15 05:44:25,304 - __main__ - INFO - Current time for query: 2025-05-15T01:44:25.304094+03:00
2025-05-15 05:44:25,304 - __main__ - INFO - Found 1 pending reminders in database
2025-05-15 05:44:25,304 - __main__ - INFO - Found 1 pending reminders
2025-05-15 05:44:25,305 - __main__ - INFO - Processing reminder 9: Самое интересное
2025-05-15 05:44:25,305 - __main__ - INFO - Getting all users from database
2025-05-15 05:44:25,305 - __main__ - INFO - Found 2 users: [2039721100, 6511010080]
2025-05-15 05:44:25,306 - __main__ - INFO - Found 2 users to send reminders to
2025-05-15 05:44:25,306 - __main__ - INFO - Attempting to send reminder 9 to user 2039721100
2025-05-15 05:44:25,445 - __main__ - INFO - Successfully sent reminder 9 to user 2039721100
2025-05-15 05:44:25,446 - __main__ - INFO - Attempting to send reminder 9 to user 6511010080
2025-05-15 05:44:25,574 - __main__ - INFO - Successfully sent reminder 9 to user 6511010080
2025-05-15 05:44:25,574 - __main__ - INFO - Deleting reminder 9
2025-05-15 05:44:25,581 - __main__ - INFO - Successfully deleted reminder 9
2025-05-15 05:44:25,581 - __main__ - INFO - Successfully deleted reminder 9 after sending
2025-05-15 05:44:31,071 - aiogram.event - INFO - Update id=516593795 is handled. Duration 133 ms by bot id=7696175433
2025-05-15 05:45:25,584 - __main__ - INFO - Checking for pending reminders...
2025-05-15 05:45:25,585 - __main__ - INFO - Current time for query: 2025-05-15T01:45:25.585480+03:00
2025-05-15 05:45:25,585 - __main__ - INFO - Found 0 pending reminders in database
2025-05-15 05:45:25,586 - __main__ - INFO - Found 0 pending reminders
2025-05-15 05:45:56,933 - aiogram.dispatcher - WARNING - Received SIGINT signal
2025-05-15 05:45:56,933 - aiogram.dispatcher - INFO - Polling stopped for bot @hahanotan_bot id=7696175433 - 'dsfsdf'
2025-05-15 05:45:56,934 - aiogram.dispatcher - INFO - Polling stopped
2025-05-15 05:48:24,611 - __main__ - INFO - Initializing database...
2025-05-15 05:48:24,613 - __main__ - INFO - Database initialized successfully
2025-05-15 05:48:24,615 - __main__ - INFO - Initializing database...
2025-05-15 05:48:24,615 - __main__ - INFO - Database initialized successfully
2025-05-15 05:48:24,615 - __main__ - INFO - Starting bot...
2025-05-15 05:48:24,616 - reminders - INFO - Checking for missed reminders...
2025-05-15 05:48:24,616 - database - INFO - Current time for query: 2025-05-15T01:48:24.616944+03:00
2025-05-15 05:48:24,617 - database - INFO - Found 0 pending reminders in database
2025-05-15 05:48:24,617 - reminders - INFO - Found 0 missed reminders
2025-05-15 05:48:24,617 - reminders - INFO - No missed reminders found
2025-05-15 05:48:24,618 - aiogram.dispatcher - INFO - Start polling
2025-05-15 05:48:24,618 - reminders - INFO - Checking for pending reminders...
2025-05-15 05:48:24,618 - database - INFO - Current time for query: 2025-05-15T01:48:24.618694+03:00
2025-05-15 05:48:24,619 - database - INFO - Found 0 pending reminders in database
2025-05-15 05:48:24,619 - reminders - INFO - Found 0 pending reminders
2025-05-15 05:48:25,060 - aiogram.dispatcher - INFO - Run polling for bot @hahanotan_bot id=7696175433 - 'dsfsdf'
2025-05-15 05:48:25,862 - aiogram.dispatcher - WARNING - Received SIGINT signal
2025-05-15 05:48:25,863 - aiogram.dispatcher - INFO - Polling stopped for bot @hahanotan_bot id=7696175433 - 'dsfsdf'
2025-05-15 05:48:25,864 - aiogram.dispatcher - INFO - Polling stopped
2025-05-15 05:48:57,242 - __main__ - INFO - Initializing database...
2025-05-15 05:48:57,243 - __main__ - INFO - Database initialized successfully
2025-05-15 05:48:57,246 - __main__ - INFO - Initializing database...
2025-05-15 05:48:57,247 - __main__ - INFO - Database initialized successfully
2025-05-15 05:48:57,247 - __main__ - INFO - Starting bot...
2025-05-15 05:48:57,247 - reminders - INFO - Checking for missed reminders...
2025-05-15 05:48:57,249 - database - INFO - Current time for query: 2025-05-15T01:48:57.249086+03:00
2025-05-15 05:48:57,249 - database - INFO - Found 0 pending reminders in database
2025-05-15 05:48:57,250 - reminders - INFO - Found 0 missed reminders
2025-05-15 05:48:57,250 - reminders - INFO - No missed reminders found
2025-05-15 05:48:57,250 - aiogram.dispatcher - INFO - Start polling
2025-05-15 05:48:57,251 - reminders - INFO - Checking for pending reminders...
2025-05-15 05:48:57,251 - database - INFO - Current time for query: 2025-05-15T01:48:57.251632+03:00
2025-05-15 05:48:57,252 - database - INFO - Found 0 pending reminders in database
2025-05-15 05:48:57,252 - reminders - INFO - Found 0 pending reminders
2025-05-15 05:48:57,690 - aiogram.dispatcher - INFO - Run polling for bot @hahanotan_bot id=7696175433 - 'dsfsdf'
2025-05-15 05:49:10,897 - handlers - INFO - Tracking user: 2039721100
2025-05-15 05:49:10,897 - database - INFO - Adding/updating user 2039721100 to database
2025-05-15 05:49:10,902 - database - INFO - Successfully added/updated user 2039721100
2025-05-15 05:49:10,902 - handlers - INFO - Successfully tracked user: 2039721100
2025-05-15 05:49:10,902 - aiogram.event - INFO - Update id=516593796 is handled. Duration 7 ms by bot id=7696175433
2025-05-15 05:49:14,347 - handlers - INFO - Tracking user: 2039721100
2025-05-15 05:49:14,347 - database - INFO - Adding/updating user 2039721100 to database
2025-05-15 05:49:14,351 - database - INFO - Successfully added/updated user 2039721100
2025-05-15 05:49:14,352 - handlers - INFO - Successfully tracked user: 2039721100
2025-05-15 05:49:14,352 - aiogram.event - INFO - Update id=516593797 is handled. Duration 7 ms by bot id=7696175433
2025-05-15 05:49:18,072 - database - INFO - Adding/updating user 2039721100 to database
2025-05-15 05:49:18,077 - database - INFO - Successfully added/updated user 2039721100
2025-05-15 05:49:18,435 - aiogram.event - INFO - Update id=516593798 is handled. Duration 362 ms by bot id=7696175433
2025-05-15 05:49:22,347 - handlers - INFO - Tracking user: 2039721100
2025-05-15 05:49:22,347 - database - INFO - Adding/updating user 2039721100 to database
2025-05-15 05:49:22,353 - database - INFO - Successfully added/updated user 2039721100
2025-05-15 05:49:22,353 - handlers - INFO - Successfully tracked user: 2039721100
2025-05-15 05:49:22,353 - aiogram.event - INFO - Update id=516593799 is handled. Duration 9 ms by bot id=7696175433
2025-05-15 05:49:23,858 - handlers - INFO - Tracking user: 2039721100
2025-05-15 05:49:23,858 - database - INFO - Adding/updating user 2039721100 to database
2025-05-15 05:49:23,863 - database - INFO - Successfully added/updated user 2039721100
2025-05-15 05:49:23,863 - handlers - INFO - Successfully tracked user: 2039721100
2025-05-15 05:49:23,863 - aiogram.event - INFO - Update id=516593800 is handled. Duration 7 ms by bot id=7696175433
2025-05-15 05:49:24,620 - handlers - INFO - Tracking user: 2039721100
2025-05-15 05:49:24,620 - database - INFO - Adding/updating user 2039721100 to database
2025-05-15 05:49:24,625 - database - INFO - Successfully added/updated user 2039721100
2025-05-15 05:49:24,625 - handlers - INFO - Successfully tracked user: 2039721100
2025-05-15 05:49:24,625 - aiogram.event - INFO - Update id=516593801 is handled. Duration 7 ms by bot id=7696175433
2025-05-15 05:49:27,075 - handlers - INFO - Tracking user: 2039721100
2025-05-15 05:49:27,075 - database - INFO - Adding/updating user 2039721100 to database
2025-05-15 05:49:27,080 - database - INFO - Successfully added/updated user 2039721100
2025-05-15 05:49:27,081 - handlers - INFO - Successfully tracked user: 2039721100
2025-05-15 05:49:27,081 - aiogram.event - INFO - Update id=516593802 is handled. Duration 8 ms by bot id=7696175433
2025-05-15 05:49:27,730 - handlers - INFO - Tracking user: 2039721100
2025-05-15 05:49:27,730 - database - INFO - Adding/updating user 2039721100 to database
2025-05-15 05:49:27,734 - database - INFO - Successfully added/updated user 2039721100
2025-05-15 05:49:27,735 - handlers - INFO - Successfully tracked user: 2039721100
2025-05-15 05:49:27,735 - aiogram.event - INFO - Update id=516593803 is handled. Duration 8 ms by bot id=7696175433
2025-05-15 05:49:29,116 - database - INFO - Adding/updating user 6511010080 to database
2025-05-15 05:49:29,121 - database - INFO - Successfully added/updated user 6511010080
2025-05-15 05:49:29,252 - aiogram.event - INFO - Update id=516593804 is handled. Duration 135 ms by bot id=7696175433
2025-05-15 05:49:31,682 - handlers - INFO - Tracking user: 2039721100
2025-05-15 05:49:31,682 - database - INFO - Adding/updating user 2039721100 to database
2025-05-15 05:49:31,687 - database - INFO - Successfully added/updated user 2039721100
2025-05-15 05:49:31,687 - handlers - INFO - Successfully tracked user: 2039721100
2025-05-15 05:49:31,687 - aiogram.event - INFO - Update id=516593805 is handled. Duration 7 ms by bot id=7696175433
2025-05-15 05:49:35,741 - database - INFO - Adding/updating user 2039721100 to database
2025-05-15 05:49:35,749 - database - INFO - Successfully added/updated user 2039721100
2025-05-15 05:49:35,899 - aiogram.event - INFO - Update id=516593806 is handled. Duration 158 ms by bot id=7696175433
2025-05-15 05:49:42,131 - database - INFO - Adding/updating user 2039721100 to database
2025-05-15 05:49:42,138 - database - INFO - Successfully added/updated user 2039721100
2025-05-15 05:49:42,300 - aiogram.event - INFO - Update id=516593807 is handled. Duration 169 ms by bot id=7696175433
2025-05-15 05:49:50,949 - aiogram.dispatcher - WARNING - Received SIGINT signal
2025-05-15 05:49:50,950 - aiogram.dispatcher - INFO - Polling stopped for bot @hahanotan_bot id=7696175433 - 'dsfsdf'
2025-05-15 05:49:50,950 - aiogram.dispatcher - INFO - Polling stopped
2025-05-15 05:50:11,377 - __main__ - INFO - Initializing database...
2025-05-15 05:50:11,378 - __main__ - INFO - Database initialized successfully
2025-05-15 05:50:11,381 - __main__ - INFO - Initializing database...
2025-05-15 05:50:11,381 - __main__ - INFO - Database initialized successfully
2025-05-15 05:50:11,382 - __main__ - INFO - Starting bot...
2025-05-15 05:50:11,382 - reminders - INFO - Checking for missed reminders...
2025-05-15 05:50:11,383 - database - INFO - Current time for query: 2025-05-15T01:50:11.383646+03:00
2025-05-15 05:50:11,384 - database - INFO - Found 0 pending reminders in database
2025-05-15 05:50:11,384 - reminders - INFO - Found 0 missed reminders
2025-05-15 05:50:11,385 - reminders - INFO - No missed reminders found
2025-05-15 05:50:11,385 - aiogram.dispatcher - INFO - Start polling
2025-05-15 05:50:11,386 - reminders - INFO - Checking for pending reminders...
2025-05-15 05:50:11,386 - database - INFO - Current time for query: 2025-05-15T01:50:11.386636+03:00
2025-05-15 05:50:11,387 - database - INFO - Found 0 pending reminders in database
2025-05-15 05:50:11,387 - reminders - INFO - Found 0 pending reminders
2025-05-15 05:50:11,860 - aiogram.dispatcher - INFO - Run polling for bot @hahanotan_bot id=7696175433 - 'dsfsdf'
2025-05-15 05:50:13,333 - database - INFO - Adding/updating user 2039721100 to database
2025-05-15 05:50:13,338 - database - INFO - Successfully added/updated user 2039721100
2025-05-15 05:50:13,711 - aiogram.event - INFO - Update id=516593808 is handled. Duration 378 ms by bot id=7696175433
2025-05-15 05:50:14,740 - handlers - INFO - Tracking user: 2039721100
2025-05-15 05:50:14,740 - database - INFO - Adding/updating user 2039721100 to database
2025-05-15 05:50:14,746 - database - INFO - Successfully added/updated user 2039721100
2025-05-15 05:50:14,747 - handlers - INFO - Successfully tracked user: 2039721100
2025-05-15 05:50:14,747 - aiogram.event - INFO - Update id=516593809 is handled. Duration 8 ms by bot id=7696175433
2025-05-15 05:50:16,866 - handlers - INFO - Tracking user: 2039721100
2025-05-15 05:50:16,867 - database - INFO - Adding/updating user 2039721100 to database
2025-05-15 05:50:16,874 - database - INFO - Successfully added/updated user 2039721100
2025-05-15 05:50:16,874 - handlers - INFO - Successfully tracked user: 2039721100
2025-05-15 05:50:16,875 - aiogram.event - INFO - Update id=516593810 is handled. Duration 10 ms by bot id=7696175433
2025-05-15 05:50:17,865 - handlers - INFO - Tracking user: 2039721100
2025-05-15 05:50:17,865 - database - INFO - Adding/updating user 2039721100 to database
2025-05-15 05:50:17,873 - database - INFO - Successfully added/updated user 2039721100
2025-05-15 05:50:17,873 - handlers - INFO - Successfully tracked user: 2039721100
2025-05-15 05:50:17,874 - aiogram.event - INFO - Update id=516593811 is handled. Duration 10 ms by bot id=7696175433
2025-05-15 05:50:18,533 - handlers - INFO - Tracking user: 2039721100
2025-05-15 05:50:18,534 - database - INFO - Adding/updating user 2039721100 to database
2025-05-15 05:50:18,538 - database - INFO - Successfully added/updated user 2039721100
2025-05-15 05:50:18,538 - handlers - INFO - Successfully tracked user: 2039721100
2025-05-15 05:50:18,538 - aiogram.event - INFO - Update id=516593812 is handled. Duration 7 ms by bot id=7696175433
2025-05-15 05:50:19,278 - handlers - INFO - Tracking user: 2039721100
2025-05-15 05:50:19,279 - database - INFO - Adding/updating user 2039721100 to database
2025-05-15 05:50:19,287 - database - INFO - Successfully added/updated user 2039721100
2025-05-15 05:50:19,287 - handlers - INFO - Successfully tracked user: 2039721100
2025-05-15 05:50:19,287 - aiogram.event - INFO - Update id=516593813 is handled. Duration 11 ms by bot id=7696175433
2025-05-15 05:50:20,091 - handlers - INFO - Tracking user: 2039721100
2025-05-15 05:50:20,091 - database - INFO - Adding/updating user 2039721100 to database
2025-05-15 05:50:20,096 - database - INFO - Successfully added/updated user 2039721100
2025-05-15 05:50:20,097 - handlers - INFO - Successfully tracked user: 2039721100
2025-05-15 05:50:20,097 - aiogram.event - INFO - Update id=516593814 is handled. Duration 7 ms by bot id=7696175433
2025-05-15 05:50:23,638 - handlers - INFO - Tracking user: 2039721100
2025-05-15 05:50:23,639 - database - INFO - Adding/updating user 2039721100 to database
2025-05-15 05:50:23,643 - database - INFO - Successfully added/updated user 2039721100
2025-05-15 05:50:23,643 - handlers - INFO - Successfully tracked user: 2039721100
2025-05-15 05:50:23,644 - aiogram.event - INFO - Update id=516593815 is handled. Duration 7 ms by bot id=7696175433
2025-05-15 05:50:25,183 - handlers - INFO - Tracking user: 2039721100
2025-05-15 05:50:25,183 - database - INFO - Adding/updating user 2039721100 to database
2025-05-15 05:50:25,190 - database - INFO - Successfully added/updated user 2039721100
2025-05-15 05:50:25,190 - handlers - INFO - Successfully tracked user: 2039721100
2025-05-15 05:50:25,191 - aiogram.event - INFO - Update id=516593816 is handled. Duration 10 ms by bot id=7696175433
2025-05-15 05:51:01,251 - aiogram.dispatcher - WARNING - Received SIGINT signal
2025-05-15 05:51:01,252 - aiogram.dispatcher - INFO - Polling stopped for bot @hahanotan_bot id=7696175433 - 'dsfsdf'
2025-05-15 05:51:01,252 - aiogram.dispatcher - INFO - Polling stopped
2025-05-15 05:51:04,180 - __main__ - INFO - Initializing database...
2025-05-15 05:51:04,181 - __main__ - INFO - Database initialized successfully
2025-05-15 05:51:04,182 - __main__ - INFO - Initializing database...
2025-05-15 05:51:04,183 - __main__ - INFO - Database initialized successfully
2025-05-15 05:51:04,183 - __main__ - INFO - Starting bot...
2025-05-15 05:51:04,183 - reminders - INFO - Checking for missed reminders...
2025-05-15 05:51:04,184 - database - INFO - Current time for query: 2025-05-15T01:51:04.184406+03:00
2025-05-15 05:51:04,184 - database - INFO - Found 0 pending reminders in database
2025-05-15 05:51:04,184 - reminders - INFO - Found 0 missed reminders
2025-05-15 05:51:04,185 - reminders - INFO - No missed reminders found
2025-05-15 05:51:04,185 - aiogram.dispatcher - INFO - Start polling
2025-05-15 05:51:04,185 - reminders - INFO - Checking for pending reminders...
2025-05-15 05:51:04,186 - database - INFO - Current time for query: 2025-05-15T01:51:04.186008+03:00
2025-05-15 05:51:04,186 - database - INFO - Found 0 pending reminders in database
2025-05-15 05:51:04,186 - reminders - INFO - Found 0 pending reminders
2025-05-15 05:51:04,639 - aiogram.dispatcher - INFO - Run polling for bot @hahanotan_bot id=7696175433 - 'dsfsdf'
2025-05-15 05:51:05,318 - aiogram.event - INFO - Update id=516593817 is handled. Duration 359 ms by bot id=7696175433
2025-05-15 05:51:07,130 - aiogram.event - INFO - Update id=516593818 is handled. Duration 137 ms by bot id=7696175433
2025-05-15 05:51:10,104 - aiogram.event - INFO - Update id=516593819 is handled. Duration 223 ms by bot id=7696175433
2025-05-15 05:51:15,916 - database - INFO - Adding reminder for user 2039721100
2025-05-15 05:51:15,921 - database - INFO - Reminder added successfully with ID 10
2025-05-15 05:51:16,063 - aiogram.event - INFO - Update id=516593820 is handled. Duration 149 ms by bot id=7696175433
2025-05-15 05:51:17,965 - aiogram.event - INFO - Update id=516593821 is handled. Duration 135 ms by bot id=7696175433
2025-05-15 05:51:19,590 - aiogram.event - INFO - Update id=516593822 is handled. Duration 133 ms by bot id=7696175433
2025-05-15 05:51:21,693 - aiogram.event - INFO - Update id=516593823 is handled. Duration 137 ms by bot id=7696175433
2025-05-15 05:51:22,711 - handlers - INFO - Received edit callback with data: edit_10
2025-05-15 05:51:22,711 - handlers - INFO - Processing edit for reminder ID: 10
2025-05-15 05:51:22,969 - aiogram.event - INFO - Update id=516593824 is handled. Duration 258 ms by bot id=7696175433
2025-05-15 05:51:24,710 - aiogram.event - INFO - Update id=516593825 is handled. Duration 135 ms by bot id=7696175433
2025-05-15 05:51:29,902 - aiogram.event - INFO - Update id=516593826 is handled. Duration 167 ms by bot id=7696175433
2025-05-15 05:51:31,313 - aiogram.event - INFO - Update id=516593827 is handled. Duration 141 ms by bot id=7696175433
2025-05-15 05:51:35,544 - handlers - INFO - Received edit callback with data: edit_10
2025-05-15 05:51:35,544 - handlers - INFO - Processing edit for reminder ID: 10
2025-05-15 05:51:35,803 - aiogram.event - INFO - Update id=516593828 is handled. Duration 261 ms by bot id=7696175433
2025-05-15 05:51:37,455 - aiogram.event - INFO - Update id=516593829 is handled. Duration 140 ms by bot id=7696175433
2025-05-15 05:51:41,538 - aiogram.event - INFO - Update id=516593830 is handled. Duration 139 ms by bot id=7696175433
2025-05-15 05:51:42,680 - handlers - INFO - Received edit callback with data: edit_10
2025-05-15 05:51:42,680 - handlers - INFO - Processing edit for reminder ID: 10
2025-05-15 05:51:42,932 - aiogram.event - INFO - Update id=516593831 is handled. Duration 253 ms by bot id=7696175433
2025-05-15 05:51:44,933 - database - INFO - Deleting reminder 10
2025-05-15 05:51:44,938 - database - INFO - Successfully deleted reminder 10
2025-05-15 05:51:45,067 - aiogram.event - INFO - Update id=516593832 is handled. Duration 136 ms by bot id=7696175433
2025-05-15 05:51:46,772 - aiogram.event - INFO - Update id=516593833 is handled. Duration 137 ms by bot id=7696175433
2025-05-15 05:51:48,046 - aiogram.event - INFO - Update id=516593834 is handled. Duration 138 ms by bot id=7696175433
2025-05-15 05:51:53,429 - aiogram.event - INFO - Update id=516593835 is handled. Duration 136 ms by bot id=7696175433
2025-05-15 05:51:55,877 - database - INFO - Adding reminder for user 2039721100
2025-05-15 05:51:55,886 - database - INFO - Reminder added successfully with ID 11
2025-05-15 05:51:56,021 - aiogram.event - INFO - Update id=516593836 is handled. Duration 150 ms by bot id=7696175433
2025-05-15 05:52:04,193 - reminders - INFO - Checking for pending reminders...
2025-05-15 05:52:04,194 - database - INFO - Current time for query: 2025-05-15T01:52:04.194392+03:00
2025-05-15 05:52:04,194 - database - INFO - Found 1 pending reminders in database
2025-05-15 05:52:04,194 - reminders - INFO - Found 1 pending reminders
2025-05-15 05:52:04,195 - reminders - INFO - Processing reminder 11: 15.05.2025 01:52
2025-05-15 05:52:04,195 - database - INFO - Getting all users from database
2025-05-15 05:52:04,195 - database - INFO - Found 2 users: [2039721100, 6511010080]
2025-05-15 05:52:04,195 - reminders - INFO - Found 2 users to send reminders to
2025-05-15 05:52:04,195 - reminders - INFO - Attempting to send reminder 11 to user 2039721100
2025-05-15 05:52:04,328 - reminders - INFO - Successfully sent reminder 11 to user 2039721100
2025-05-15 05:52:04,328 - reminders - INFO - Attempting to send reminder 11 to user 6511010080
2025-05-15 05:52:04,456 - reminders - INFO - Successfully sent reminder 11 to user 6511010080
2025-05-15 05:52:04,456 - database - INFO - Deleting reminder 11
2025-05-15 05:52:04,461 - database - INFO - Successfully deleted reminder 11
2025-05-15 05:52:04,461 - reminders - INFO - Successfully deleted reminder 11 after sending
2025-05-15 05:52:12,939 - aiogram.dispatcher - WARNING - Received SIGINT signal
2025-05-15 05:52:12,939 - aiogram.dispatcher - INFO - Polling stopped for bot @hahanotan_bot id=7696175433 - 'dsfsdf'
2025-05-15 05:52:12,940 - aiogram.dispatcher - INFO - Polling stopped
